<component name="libraryTable">
  <library name="junit-platform-console-standalone-1.7.0-M1 (1)">
    <CLASSES>
      <root url="jar://$PROJECT_DIR$/predicateIterator/lib/junit-platform-console-standalone-1.7.0-M1 (1).jar!/" />
    </CLASSES>
    <JAVADOC />
    <SOURCES />
  </library>
</component>